TN:
SF:src/app.js
FN:28,(anonymous_0)
FN:45,(anonymous_1)
FN:54,(anonymous_2)
FNF:3
FNH:0
FNDA:0,(anonymous_0)
FNDA:0,(anonymous_1)
FNDA:0,(anonymous_2)
DA:15,10
DA:17,10
DA:19,10
DA:26,10
DA:28,10
DA:29,0
DA:32,10
DA:34,10
DA:36,10
DA:37,10
DA:38,10
DA:39,10
DA:40,10
DA:41,10
DA:42,10
DA:43,10
DA:45,10
DA:46,0
DA:47,0
DA:54,10
DA:55,0
LF:21
LH:17
BRDA:47,0,0,0
BRDA:47,0,1,0
BRDA:49,1,0,0
BRDA:49,1,1,0
BRDA:50,2,0,0
BRDA:50,2,1,0
BRF:6
BRH:0
end_of_record
TN:
SF:src/config/db.js
FN:24,(anonymous_0)
FN:28,(anonymous_1)
FNF:2
FNH:1
FNDA:637,(anonymous_0)
FNDA:0,(anonymous_1)
DA:6,20
DA:7,20
DA:9,20
DA:10,20
DA:12,20
DA:24,20
DA:25,637
DA:28,20
DA:29,0
LF:9
LH:8
BRDA:9,0,0,20
BRDA:9,0,1,0
BRF:2
BRH:1
end_of_record
TN:
SF:src/controllers/admin.controller.js
FN:13,(anonymous_0)
FN:22,(anonymous_1)
FN:31,(anonymous_2)
FN:40,(anonymous_3)
FN:49,(anonymous_4)
FN:61,(anonymous_5)
FN:97,(anonymous_6)
FNF:7
FNH:6
FNDA:1,(anonymous_0)
FNDA:1,(anonymous_1)
FNDA:0,(anonymous_2)
FNDA:1,(anonymous_3)
FNDA:1,(anonymous_4)
FNDA:2,(anonymous_5)
FNDA:1,(anonymous_6)
DA:8,10
DA:9,10
DA:10,10
DA:13,10
DA:14,1
DA:15,1
DA:16,1
DA:18,0
DA:22,10
DA:23,1
DA:24,1
DA:25,1
DA:27,0
DA:31,10
DA:32,0
DA:33,0
DA:34,0
DA:36,0
DA:40,10
DA:41,1
DA:42,1
DA:43,1
DA:45,0
DA:49,10
DA:50,1
DA:51,1
DA:53,1
DA:55,1
DA:57,0
DA:61,10
DA:62,2
DA:63,2
DA:64,2
DA:66,2
DA:67,1
DA:73,1
DA:74,0
DA:80,1
DA:82,1
DA:91,1
DA:93,0
DA:97,10
DA:98,1
DA:99,1
DA:100,1
DA:101,1
DA:102,1
DA:104,0
DA:107,0
LF:49
LH:37
BRDA:66,0,0,1
BRDA:66,0,1,1
BRDA:66,1,0,2
BRDA:66,1,1,2
BRDA:73,2,0,0
BRDA:73,2,1,1
BRDA:88,3,0,1
BRDA:88,3,1,0
BRDA:99,4,0,1
BRDA:99,4,1,0
BRF:10
BRH:7
end_of_record
TN:
SF:src/controllers/auth.controller.js
FN:5,(anonymous_0)
FNF:1
FNH:1
FNDA:7,(anonymous_0)
DA:5,10
DA:6,7
DA:7,7
DA:9,7
DA:10,2
DA:13,5
DA:14,3
DA:15,3
DA:17,2
DA:18,2
LF:10
LH:10
BRDA:9,0,0,2
BRDA:9,0,1,5
BRDA:9,1,0,7
BRDA:9,1,1,6
BRDA:17,2,0,2
BRDA:17,2,1,0
BRF:6
BRH:5
end_of_record
TN:
SF:src/controllers/club.controller.js
FN:5,(anonymous_0)
FN:49,(anonymous_1)
FN:89,(anonymous_2)
FN:127,(anonymous_3)
FN:163,(anonymous_4)
FN:183,(anonymous_5)
FN:195,(anonymous_6)
FNF:7
FNH:7
FNDA:4,(anonymous_0)
FNDA:3,(anonymous_1)
FNDA:3,(anonymous_2)
FNDA:2,(anonymous_3)
FNDA:1,(anonymous_4)
FNDA:1,(anonymous_5)
FNDA:2,(anonymous_6)
DA:5,10
DA:6,4
DA:8,4
DA:9,4
DA:10,1
DA:16,3
DA:17,1
DA:23,2
DA:24,1
DA:30,1
DA:32,0
DA:41,0
DA:43,1
DA:44,1
DA:49,10
DA:51,3
DA:53,3
DA:54,1
DA:60,2
DA:62,2
DA:63,1
DA:69,1
DA:71,1
DA:72,1
DA:74,1
DA:83,1
DA:85,0
DA:89,10
DA:90,3
DA:91,3
DA:93,3
DA:94,1
DA:100,2
DA:101,1
DA:107,1
DA:108,1
DA:109,1
DA:112,1
DA:121,1
DA:123,0
DA:127,10
DA:128,2
DA:129,2
DA:131,2
DA:132,0
DA:138,2
DA:139,1
DA:145,1
DA:146,1
DA:148,1
DA:157,1
DA:159,0
DA:163,10
DA:164,1
DA:165,1
DA:167,1
DA:168,1
DA:169,1
DA:175,0
DA:176,0
DA:177,0
DA:179,0
DA:183,10
DA:184,1
DA:185,1
DA:186,1
DA:187,1
DA:188,1
DA:190,0
DA:191,0
DA:195,10
DA:196,2
DA:197,2
DA:199,2
DA:200,2
DA:201,1
DA:207,1
DA:209,1
DA:218,1
DA:220,0
LF:80
LH:67
BRDA:9,0,0,1
BRDA:9,0,1,3
BRDA:9,1,0,4
BRDA:9,1,1,4
BRDA:9,1,2,3
BRDA:9,1,3,3
BRDA:16,2,0,1
BRDA:16,2,1,2
BRDA:23,3,0,1
BRDA:23,3,1,1
BRDA:38,4,0,0
BRDA:38,4,1,0
BRDA:53,5,0,1
BRDA:53,5,1,2
BRDA:62,6,0,1
BRDA:62,6,1,1
BRDA:93,7,0,1
BRDA:93,7,1,2
BRDA:100,8,0,1
BRDA:100,8,1,1
BRDA:131,9,0,0
BRDA:131,9,1,2
BRDA:138,10,0,1
BRDA:138,10,1,1
BRDA:168,11,0,1
BRDA:168,11,1,0
BRDA:200,12,0,1
BRDA:200,12,1,1
BRDA:200,13,0,2
BRDA:200,13,1,1
BRDA:200,13,2,1
BRF:31
BRH:27
end_of_record
TN:
SF:src/controllers/event.controller.js
FN:4,(anonymous_0)
FN:29,(anonymous_1)
FN:83,(anonymous_2)
FN:125,(anonymous_3)
FN:175,(anonymous_4)
FN:194,(anonymous_5)
FN:228,(anonymous_6)
FN:247,(anonymous_7)
FN:259,(anonymous_8)
FN:304,(anonymous_9)
FN:333,(anonymous_10)
FN:349,(anonymous_11)
FN:378,(anonymous_12)
FNF:13
FNH:8
FNDA:2,(anonymous_0)
FNDA:10,(anonymous_1)
FNDA:2,(anonymous_2)
FNDA:1,(anonymous_3)
FNDA:0,(anonymous_4)
FNDA:3,(anonymous_5)
FNDA:0,(anonymous_6)
FNDA:0,(anonymous_7)
FNDA:1,(anonymous_8)
FNDA:0,(anonymous_9)
FNDA:0,(anonymous_10)
FNDA:2,(anonymous_11)
FNDA:15,(anonymous_12)
DA:4,10
DA:5,2
DA:6,2
DA:7,2
DA:8,2
DA:9,1
DA:11,1
DA:12,1
DA:14,0
DA:15,0
DA:17,0
DA:29,10
DA:30,10
DA:31,10
DA:33,10
DA:34,10
DA:35,9
DA:37,4
DA:46,4
DA:48,6
DA:49,1
DA:51,5
DA:52,0
DA:56,5
DA:57,1
DA:59,4
DA:60,1
DA:62,3
DA:63,1
DA:67,2
DA:68,1
DA:72,1
DA:73,1
DA:77,0
DA:83,10
DA:84,2
DA:85,2
DA:87,2
DA:88,2
DA:89,2
DA:91,1
DA:100,1
DA:102,1
DA:103,0
DA:109,1
DA:110,0
DA:112,1
DA:113,1
DA:119,0
DA:125,10
DA:126,1
DA:127,1
DA:129,1
DA:130,1
DA:132,1
DA:134,0
DA:143,0
DA:145,1
DA:146,0
DA:152,1
DA:153,1
DA:159,0
DA:160,0
DA:166,0
DA:167,0
DA:169,0
DA:175,10
DA:176,0
DA:177,0
DA:178,0
DA:179,0
DA:180,0
DA:182,0
DA:183,0
DA:185,0
DA:186,0
DA:188,0
DA:194,10
DA:195,3
DA:196,3
DA:198,3
DA:199,3
DA:200,1
DA:205,2
DA:206,0
DA:211,2
DA:217,2
DA:219,0
DA:220,0
DA:222,0
DA:228,10
DA:229,0
DA:230,0
DA:231,0
DA:232,0
DA:233,0
DA:235,0
DA:236,0
DA:238,0
DA:239,0
DA:241,0
DA:247,10
DA:248,0
DA:249,0
DA:250,0
DA:251,0
DA:253,0
DA:259,10
DA:260,1
DA:261,1
DA:262,1
DA:263,1
DA:268,0
DA:269,0
DA:279,0
DA:284,0
DA:293,0
DA:295,0
DA:296,0
DA:298,0
DA:304,10
DA:305,0
DA:306,0
DA:307,0
DA:308,0
DA:310,0
DA:319,0
DA:321,0
DA:322,0
DA:324,0
DA:325,0
DA:327,0
DA:333,10
DA:334,0
DA:335,0
DA:336,0
DA:337,0
DA:338,0
DA:340,0
DA:341,0
DA:343,0
DA:349,10
DA:350,2
DA:351,2
DA:353,2
DA:354,2
DA:355,1
DA:361,1
DA:363,0
DA:372,0
DA:374,1
DA:378,10
DA:379,15
LF:153
LH:79
BRDA:11,0,0,1
BRDA:11,0,1,0
BRDA:14,1,0,0
BRDA:14,1,1,0
BRDA:48,2,0,1
BRDA:48,2,1,5
BRDA:51,3,0,0
BRDA:51,3,1,5
BRDA:56,4,0,1
BRDA:56,4,1,4
BRDA:59,5,0,1
BRDA:59,5,1,3
BRDA:62,6,0,1
BRDA:62,6,1,2
BRDA:67,7,0,1
BRDA:67,7,1,1
BRDA:72,8,0,1
BRDA:72,8,1,0
BRDA:102,9,0,0
BRDA:102,9,1,1
BRDA:109,10,0,0
BRDA:109,10,1,1
BRDA:112,11,0,1
BRDA:112,11,1,0
BRDA:145,12,0,0
BRDA:145,12,1,1
BRDA:152,13,0,1
BRDA:152,13,1,0
BRDA:159,14,0,0
BRDA:159,14,1,0
BRDA:166,15,0,0
BRDA:166,15,1,0
BRDA:182,16,0,0
BRDA:182,16,1,0
BRDA:185,17,0,0
BRDA:185,17,1,0
BRDA:199,18,0,1
BRDA:199,18,1,2
BRDA:199,19,0,3
BRDA:199,19,1,2
BRDA:199,19,2,1
BRDA:205,20,0,0
BRDA:205,20,1,2
BRDA:205,21,0,2
BRDA:205,21,1,0
BRDA:205,21,2,0
BRDA:213,22,0,0
BRDA:213,22,1,2
BRDA:219,23,0,0
BRDA:219,23,1,0
BRDA:235,24,0,0
BRDA:235,24,1,0
BRDA:238,25,0,0
BRDA:238,25,1,0
BRDA:262,26,0,1
BRDA:262,26,1,0
BRDA:262,27,0,1
BRDA:262,27,1,1
BRDA:295,28,0,0
BRDA:295,28,1,0
BRDA:316,29,0,0
BRDA:316,29,1,0
BRDA:321,30,0,0
BRDA:321,30,1,0
BRDA:324,31,0,0
BRDA:324,31,1,0
BRDA:337,32,0,0
BRDA:337,32,1,0
BRDA:354,33,0,1
BRDA:354,33,1,1
BRDA:354,34,0,2
BRDA:354,34,1,1
BRDA:354,34,2,1
BRDA:379,35,0,1
BRDA:379,35,1,14
BRDA:379,36,0,15
BRDA:379,36,1,15
BRDA:379,36,2,14
BRF:78
BRH:39
end_of_record
TN:
SF:src/controllers/facility.controller.js
FN:4,(anonymous_0)
FN:29,(anonymous_1)
FN:38,(anonymous_2)
FN:112,(anonymous_3)
FN:141,(anonymous_4)
FNF:5
FNH:5
FNDA:2,(anonymous_0)
FNDA:1,(anonymous_1)
FNDA:5,(anonymous_2)
FNDA:2,(anonymous_3)
FNDA:1,(anonymous_4)
DA:4,10
DA:5,2
DA:6,2
DA:7,2
DA:8,1
DA:9,1
DA:10,1
DA:11,1
DA:13,1
DA:22,1
DA:24,0
DA:29,10
DA:30,1
DA:31,1
DA:32,1
DA:34,0
DA:38,10
DA:39,5
DA:40,5
DA:41,5
DA:42,5
DA:44,5
DA:45,0
DA:48,5
DA:49,1
DA:55,4
DA:56,4
DA:58,4
DA:59,0
DA:62,4
DA:63,1
DA:66,3
DA:74,1
DA:83,1
DA:88,2
DA:89,1
DA:92,1
DA:93,0
DA:96,1
DA:105,1
DA:108,0
DA:112,10
DA:113,2
DA:114,2
DA:115,2
DA:117,2
DA:118,1
DA:124,1
DA:126,1
DA:135,1
DA:138,0
DA:141,10
DA:142,1
DA:143,1
DA:144,1
DA:146,0
DA:147,0
DA:148,0
DA:149,0
DA:151,0
LF:60
LH:48
BRDA:7,0,0,1
BRDA:7,0,1,1
BRDA:7,1,0,2
BRDA:7,1,1,1
BRDA:7,1,2,1
BRDA:7,1,3,1
BRDA:7,1,4,1
BRDA:9,2,0,1
BRDA:9,2,1,0
BRDA:19,3,0,1
BRDA:19,3,1,0
BRDA:44,4,0,0
BRDA:44,4,1,5
BRDA:44,5,0,5
BRDA:44,5,1,5
BRDA:48,6,0,1
BRDA:48,6,1,4
BRDA:48,7,0,5
BRDA:48,7,1,4
BRDA:48,7,2,4
BRDA:48,7,3,4
BRDA:58,8,0,0
BRDA:58,8,1,4
BRDA:58,9,0,4
BRDA:58,9,1,4
BRDA:62,10,0,1
BRDA:62,10,1,3
BRDA:88,11,0,1
BRDA:88,11,1,1
BRDA:92,12,0,0
BRDA:92,12,1,1
BRDA:96,13,0,1
BRDA:96,13,1,0
BRDA:97,14,0,1
BRDA:97,14,1,0
BRDA:97,14,2,0
BRDA:97,14,3,0
BRDA:97,14,4,0
BRDA:97,14,5,0
BRDA:97,14,6,0
BRDA:117,15,0,1
BRDA:117,15,1,1
BRDA:117,16,0,2
BRDA:117,16,1,1
BRDA:117,16,2,1
BRDA:143,17,0,1
BRDA:143,17,1,0
BRF:47
BRH:34
end_of_record
TN:
SF:src/controllers/post.controller.js
FN:5,(anonymous_0)
FN:49,(anonymous_1)
FN:99,(anonymous_2)
FN:113,(anonymous_3)
FN:141,(anonymous_4)
FN:156,(anonymous_5)
FN:178,(anonymous_6)
FN:202,(anonymous_7)
FN:213,(anonymous_8)
FNF:9
FNH:5
FNDA:3,(anonymous_0)
FNDA:0,(anonymous_1)
FNDA:0,(anonymous_2)
FNDA:2,(anonymous_3)
FNDA:0,(anonymous_4)
FNDA:1,(anonymous_5)
FNDA:1,(anonymous_6)
FNDA:1,(anonymous_7)
FNDA:0,(anonymous_8)
DA:5,10
DA:6,3
DA:7,3
DA:9,3
DA:10,3
DA:11,1
DA:14,2
DA:16,2
DA:17,1
DA:25,1
DA:32,1
DA:34,1
DA:43,0
DA:45,1
DA:49,10
DA:51,0
DA:52,0
DA:53,0
DA:55,0
DA:56,0
DA:57,0
DA:60,0
DA:62,0
DA:63,0
DA:71,0
DA:72,0
DA:80,0
DA:82,0
DA:91,0
DA:94,0
DA:99,10
DA:100,0
DA:101,0
DA:103,0
DA:104,0
DA:105,0
DA:106,0
DA:108,0
DA:110,0
DA:113,10
DA:114,2
DA:115,2
DA:116,2
DA:118,2
DA:119,1
DA:122,1
DA:123,1
DA:125,1
DA:134,1
DA:136,0
DA:141,10
DA:142,0
DA:144,0
DA:145,0
DA:146,0
DA:149,0
DA:150,0
DA:152,0
DA:156,10
DA:157,1
DA:158,1
DA:160,1
DA:161,1
DA:163,1
DA:172,1
DA:174,0
DA:178,10
DA:179,1
DA:180,1
DA:182,1
DA:183,1
DA:185,1
DA:194,1
DA:196,0
DA:202,10
DA:203,1
DA:204,1
DA:205,1
DA:206,1
DA:208,0
DA:213,10
DA:214,0
DA:215,0
DA:216,0
DA:217,0
DA:219,0
LF:86
LH:46
BRDA:10,0,0,1
BRDA:10,0,1,2
BRDA:16,1,0,1
BRDA:16,1,1,1
BRDA:56,2,0,0
BRDA:56,2,1,0
BRDA:62,3,0,0
BRDA:62,3,1,0
BRDA:71,4,0,0
BRDA:71,4,1,0
BRDA:105,5,0,0
BRDA:105,5,1,0
BRDA:118,6,0,1
BRDA:118,6,1,1
BRDA:145,7,0,0
BRDA:145,7,1,0
BRF:16
BRH:6
end_of_record
TN:
SF:src/controllers/reservation.controller.js
FN:4,(anonymous_0)
FNF:1
FNH:1
FNDA:1,(anonymous_0)
DA:4,10
DA:5,1
DA:7,1
DA:8,1
DA:9,1
DA:11,0
LF:6
LH:5
BRF:0
BRH:0
end_of_record
TN:
SF:src/controllers/room.controller.js
FN:5,(anonymous_0)
FN:40,(anonymous_1)
FN:70,(anonymous_2)
FN:101,(anonymous_3)
FN:111,(anonymous_4)
FN:140,(anonymous_5)
FN:162,(anonymous_6)
FN:170,(anonymous_7)
FNF:8
FNH:6
FNDA:4,(anonymous_0)
FNDA:4,(anonymous_1)
FNDA:2,(anonymous_2)
FNDA:1,(anonymous_3)
FNDA:0,(anonymous_4)
FNDA:2,(anonymous_5)
FNDA:1,(anonymous_6)
FNDA:0,(anonymous_7)
DA:5,10
DA:6,4
DA:7,4
DA:8,4
DA:9,2
DA:11,2
DA:12,2
DA:14,2
DA:15,2
DA:18,2
DA:21,2
DA:23,2
DA:32,2
DA:34,0
DA:35,0
DA:40,10
DA:41,4
DA:42,4
DA:44,4
DA:45,4
DA:46,1
DA:49,3
DA:51,3
DA:52,1
DA:60,1
DA:62,2
DA:66,0
DA:70,10
DA:71,2
DA:72,2
DA:73,2
DA:75,2
DA:76,1
DA:79,1
DA:81,1
DA:82,1
DA:83,0
DA:91,0
DA:93,1
DA:97,0
DA:101,10
DA:102,1
DA:103,1
DA:104,1
DA:105,1
DA:107,0
DA:111,10
DA:112,0
DA:113,0
DA:115,0
DA:116,0
DA:117,0
DA:123,0
DA:125,0
DA:134,0
DA:136,0
DA:140,10
DA:141,2
DA:142,2
DA:143,2
DA:145,1
DA:147,1
DA:156,1
DA:158,0
DA:162,10
DA:163,1
DA:164,1
DA:165,1
DA:167,0
DA:170,10
DA:171,0
DA:172,0
DA:173,0
DA:174,0
DA:176,0
DA:177,0
DA:178,0
DA:186,0
DA:189,0
LF:79
LH:52
BRDA:8,0,0,2
BRDA:8,0,1,2
BRDA:8,1,0,4
BRDA:8,1,1,3
BRDA:8,1,2,2
BRDA:8,1,3,2
BRDA:11,2,0,2
BRDA:11,2,1,0
BRDA:14,3,0,2
BRDA:14,3,1,0
BRDA:18,4,0,2
BRDA:18,4,1,0
BRDA:18,5,0,2
BRDA:18,5,1,0
BRDA:29,6,0,2
BRDA:29,6,1,0
BRDA:45,7,0,1
BRDA:45,7,1,3
BRDA:45,8,0,4
BRDA:45,8,1,3
BRDA:45,8,2,3
BRDA:45,8,3,3
BRDA:45,8,4,3
BRDA:45,8,5,3
BRDA:51,9,0,1
BRDA:51,9,1,2
BRDA:55,10,0,1
BRDA:55,10,1,0
BRDA:75,11,0,1
BRDA:75,11,1,1
BRDA:82,12,0,0
BRDA:82,12,1,1
BRDA:116,13,0,0
BRDA:116,13,1,0
BRDA:116,14,0,0
BRDA:116,14,1,0
BRDA:116,14,2,0
BRDA:143,15,0,1
BRDA:143,15,1,1
BRDA:153,16,0,1
BRDA:153,16,1,0
BRDA:173,17,0,0
BRDA:173,17,1,0
BRDA:184,18,0,0
BRDA:184,18,1,0
BRF:45
BRH:28
end_of_record
TN:
SF:src/controllers/user.controller.js
FN:4,(anonymous_0)
FN:9,(anonymous_1)
FN:36,(anonymous_2)
FN:111,(anonymous_3)
FN:136,(anonymous_4)
FN:154,(anonymous_5)
FN:165,(anonymous_6)
FNF:7
FNH:6
FNDA:3,(anonymous_0)
FNDA:2,(anonymous_1)
FNDA:4,(anonymous_2)
FNDA:1,(anonymous_3)
FNDA:1,(anonymous_4)
FNDA:0,(anonymous_5)
FNDA:1,(anonymous_6)
DA:4,10
DA:5,3
DA:6,3
DA:9,10
DA:10,2
DA:11,2
DA:14,2
DA:15,1
DA:17,1
DA:20,2
DA:21,0
DA:27,2
DA:30,0
DA:36,10
DA:37,4
DA:39,4
DA:41,4
DA:43,4
DA:45,4
DA:47,1
DA:50,3
DA:51,3
DA:52,1
DA:53,1
DA:54,1
DA:56,1
DA:59,2
DA:61,2
DA:71,2
DA:72,1
DA:73,1
DA:76,0
DA:84,1
DA:85,1
DA:92,0
DA:101,0
DA:102,0
DA:103,0
DA:104,0
DA:106,1
DA:107,1
DA:111,10
DA:112,1
DA:114,1
DA:115,1
DA:118,1
DA:131,1
DA:133,0
DA:136,10
DA:137,1
DA:138,1
DA:139,1
DA:140,1
DA:148,1
DA:150,0
DA:154,10
DA:155,0
DA:156,0
DA:157,0
DA:159,0
DA:161,0
DA:165,10
DA:166,1
DA:167,1
DA:168,1
DA:170,0
DA:171,0
LF:67
LH:50
BRDA:14,0,0,1
BRDA:14,0,1,1
BRDA:14,1,0,2
BRDA:14,1,1,1
BRDA:20,2,0,0
BRDA:20,2,1,2
BRDA:45,3,0,1
BRDA:45,3,1,3
BRDA:45,4,0,4
BRDA:45,4,1,4
BRDA:45,4,2,3
BRDA:45,4,3,3
BRDA:45,4,4,3
BRDA:45,4,5,3
BRDA:45,4,6,3
BRDA:51,5,0,1
BRDA:51,5,1,2
BRDA:71,6,0,1
BRDA:71,6,1,1
BRDA:72,7,0,1
BRDA:72,7,1,0
BRDA:72,8,0,1
BRDA:72,8,1,0
BRDA:72,8,2,0
BRDA:72,8,3,0
BRDA:82,9,0,0
BRDA:82,9,1,0
BRDA:84,10,0,1
BRDA:84,10,1,0
BRF:29
BRH:21
end_of_record
TN:
SF:src/middlewares/auth.middleware.js
FN:3,(anonymous_0)
FN:27,(anonymous_1)
FN:28,(anonymous_2)
FNF:3
FNH:3
FNDA:128,(anonymous_0)
FNDA:234,(anonymous_1)
FNDA:70,(anonymous_2)
DA:3,11
DA:6,128
DA:8,128
DA:9,11
DA:12,117
DA:13,117
DA:15,117
DA:16,117
DA:17,103
DA:18,103
DA:19,103
DA:21,14
DA:27,11
DA:28,234
DA:29,70
DA:30,70
DA:32,70
DA:33,17
DA:34,17
DA:37,53
DA:38,53
LF:21
LH:21
BRDA:8,0,0,11
BRDA:8,0,1,117
BRDA:8,1,0,128
BRDA:8,1,1,118
BRDA:16,2,0,117
BRDA:16,2,1,0
BRDA:32,3,0,17
BRDA:32,3,1,53
BRDA:32,4,0,70
BRDA:32,4,1,70
BRF:10
BRH:9
end_of_record
TN:
SF:src/repositories/auth.repository.js
FN:4,(anonymous_0)
FNF:1
FNH:1
FNDA:5,(anonymous_0)
DA:6,5
DA:7,5
DA:8,5
DA:12,5
DA:15,0
DA:18,5
LF:6
LH:5
BRDA:18,0,0,5
BRDA:18,0,1,0
BRF:2
BRH:1
end_of_record
TN:
SF:src/repositories/club.repository.js
FN:4,(anonymous_0)
FN:21,(anonymous_1)
FN:51,(anonymous_2)
FN:75,(anonymous_3)
FN:92,(anonymous_4)
FN:109,(anonymous_5)
FN:131,(anonymous_6)
FN:170,(anonymous_7)
FN:188,(anonymous_8)
FN:206,(anonymous_9)
FN:227,(anonymous_10)
FN:241,(anonymous_11)
FN:262,(anonymous_12)
FN:279,(anonymous_13)
FNF:14
FNH:14
FNDA:1,(anonymous_0)
FNDA:1,(anonymous_1)
FNDA:1,(anonymous_2)
FNDA:2,(anonymous_3)
FNDA:9,(anonymous_4)
FNDA:2,(anonymous_5)
FNDA:1,(anonymous_6)
FNDA:1,(anonymous_7)
FNDA:1,(anonymous_8)
FNDA:4,(anonymous_9)
FNDA:1,(anonymous_10)
FNDA:6,(anonymous_11)
FNDA:1,(anonymous_12)
FNDA:1,(anonymous_13)
DA:6,1
DA:7,1
DA:8,1
DA:13,1
DA:15,0
DA:17,1
DA:23,1
DA:24,1
DA:25,1
DA:43,1
DA:45,0
DA:47,1
DA:53,1
DA:54,1
DA:56,1
DA:57,1
DA:58,1
DA:60,1
DA:69,0
DA:71,1
DA:77,2
DA:78,2
DA:79,2
DA:84,2
DA:86,0
DA:88,2
DA:94,9
DA:95,9
DA:96,9
DA:101,9
DA:103,0
DA:105,9
DA:111,2
DA:112,2
DA:113,2
DA:123,2
DA:125,0
DA:127,2
DA:133,1
DA:134,1
DA:135,1
DA:136,1
DA:138,1
DA:139,1
DA:140,1
DA:142,1
DA:143,1
DA:144,1
DA:146,1
DA:147,0
DA:148,0
DA:150,1
DA:151,0
DA:152,0
DA:155,1
DA:156,0
DA:159,1
DA:161,1
DA:164,1
DA:166,1
DA:172,1
DA:173,1
DA:174,1
DA:182,0
DA:184,1
DA:190,1
DA:191,1
DA:192,1
DA:200,0
DA:202,1
DA:208,4
DA:209,4
DA:210,4
DA:219,4
DA:221,0
DA:223,4
DA:229,1
DA:230,1
DA:231,1
DA:233,1
DA:235,0
DA:237,1
DA:243,6
DA:244,6
DA:245,6
DA:250,6
DA:251,4
DA:254,2
DA:256,0
DA:258,6
DA:264,1
DA:265,1
DA:266,1
DA:270,1
DA:272,0
DA:273,0
DA:275,1
DA:281,1
DA:282,1
DA:283,1
DA:287,1
DA:289,0
DA:290,0
DA:292,1
LF:104
LH:84
BRDA:17,0,0,1
BRDA:17,0,1,0
BRDA:47,1,0,1
BRDA:47,1,1,0
BRDA:71,2,0,1
BRDA:71,2,1,0
BRDA:88,3,0,2
BRDA:88,3,1,0
BRDA:105,4,0,9
BRDA:105,4,1,0
BRDA:127,5,0,2
BRDA:127,5,1,0
BRDA:138,6,0,1
BRDA:138,6,1,0
BRDA:142,7,0,1
BRDA:142,7,1,0
BRDA:146,8,0,0
BRDA:146,8,1,1
BRDA:150,9,0,0
BRDA:150,9,1,1
BRDA:155,10,0,0
BRDA:155,10,1,1
BRDA:166,11,0,1
BRDA:166,11,1,0
BRDA:184,12,0,1
BRDA:184,12,1,0
BRDA:202,13,0,1
BRDA:202,13,1,0
BRDA:223,14,0,4
BRDA:223,14,1,0
BRDA:237,15,0,1
BRDA:237,15,1,0
BRDA:250,16,0,4
BRDA:250,16,1,2
BRDA:258,17,0,6
BRDA:258,17,1,0
BRDA:275,18,0,1
BRDA:275,18,1,0
BRDA:292,19,0,1
BRDA:292,19,1,0
BRF:40
BRH:21
end_of_record
TN:
SF:src/repositories/event.repository.js
FN:10,(anonymous_0)
FN:64,(anonymous_1)
FN:99,(anonymous_2)
FN:119,(anonymous_3)
FN:147,(anonymous_4)
FN:178,(anonymous_5)
FN:251,(anonymous_6)
FN:269,(anonymous_7)
FN:312,(anonymous_8)
FN:334,(anonymous_9)
FN:356,(anonymous_10)
FN:379,(anonymous_11)
FN:402,(anonymous_12)
FN:426,(anonymous_13)
FN:444,(anonymous_14)
FN:460,(anonymous_15)
FN:477,(anonymous_16)
FN:494,(anonymous_17)
FN:511,(anonymous_18)
FN:515,(anonymous_19)
FN:541,(anonymous_20)
FN:571,(anonymous_21)
FN:589,(anonymous_22)
FNF:23
FNH:15
FNDA:3,(anonymous_0)
FNDA:0,(anonymous_1)
FNDA:12,(anonymous_2)
FNDA:0,(anonymous_3)
FNDA:0,(anonymous_4)
FNDA:3,(anonymous_5)
FNDA:0,(anonymous_6)
FNDA:0,(anonymous_7)
FNDA:9,(anonymous_8)
FNDA:5,(anonymous_9)
FNDA:8,(anonymous_10)
FNDA:5,(anonymous_11)
FNDA:4,(anonymous_12)
FNDA:1,(anonymous_13)
FNDA:0,(anonymous_14)
FNDA:0,(anonymous_15)
FNDA:1,(anonymous_16)
FNDA:1,(anonymous_17)
FNDA:1,(anonymous_18)
FNDA:0,(anonymous_19)
FNDA:1,(anonymous_20)
FNDA:1,(anonymous_21)
FNDA:1,(anonymous_22)
DA:12,3
DA:13,3
DA:14,3
DA:15,3
DA:16,3
DA:18,3
DA:19,2
DA:23,2
DA:26,2
DA:29,3
DA:56,3
DA:58,0
DA:60,3
DA:66,0
DA:67,0
DA:68,0
DA:84,0
DA:86,0
DA:88,0
DA:101,12
DA:102,12
DA:103,12
DA:111,12
DA:113,0
DA:115,12
DA:121,0
DA:122,0
DA:123,0
DA:139,0
DA:141,0
DA:143,0
DA:149,0
DA:150,0
DA:151,0
DA:170,0
DA:172,0
DA:174,0
DA:180,3
DA:181,3
DA:182,3
DA:183,3
DA:187,3
DA:188,3
DA:190,3
DA:191,2
DA:195,2
DA:198,2
DA:201,3
DA:202,1
DA:205,1
DA:208,3
DA:209,0
DA:212,0
DA:215,3
DA:243,3
DA:245,0
DA:247,3
DA:253,0
DA:254,0
DA:255,0
DA:263,0
DA:265,0
DA:271,0
DA:272,0
DA:273,0
DA:297,0
DA:299,0
DA:301,0
DA:314,9
DA:315,9
DA:316,9
DA:320,9
DA:322,0
DA:324,9
DA:336,5
DA:337,5
DA:338,5
DA:342,5
DA:344,0
DA:346,5
DA:358,8
DA:359,8
DA:360,8
DA:365,8
DA:367,0
DA:369,8
DA:381,5
DA:382,5
DA:383,5
DA:387,5
DA:389,0
DA:391,5
DA:404,4
DA:405,4
DA:406,4
DA:411,4
DA:413,0
DA:415,4
DA:428,1
DA:429,1
DA:430,1
DA:436,1
DA:438,0
DA:440,1
DA:446,0
DA:447,0
DA:448,0
DA:452,0
DA:454,0
DA:456,0
DA:462,0
DA:463,0
DA:464,0
DA:469,0
DA:471,0
DA:473,0
DA:479,1
DA:480,1
DA:481,1
DA:485,0
DA:487,1
DA:488,1
DA:490,1
DA:496,1
DA:497,1
DA:498,1
DA:502,1
DA:504,0
DA:505,0
DA:507,1
DA:512,1
DA:517,0
DA:518,0
DA:520,0
DA:532,0
DA:534,0
DA:535,0
DA:537,0
DA:543,1
DA:544,1
DA:546,1
DA:562,1
DA:564,0
DA:565,0
DA:567,1
DA:573,1
DA:574,1
DA:576,1
DA:582,0
DA:583,0
DA:585,1
DA:591,1
DA:592,1
DA:594,1
DA:600,0
DA:601,0
DA:603,1
LF:157
LH:89
BRDA:10,0,0,1
BRDA:18,1,0,2
BRDA:18,1,1,1
BRDA:60,2,0,3
BRDA:60,2,1,0
BRDA:88,3,0,0
BRDA:88,3,1,0
BRDA:115,4,0,12
BRDA:115,4,1,0
BRDA:143,5,0,0
BRDA:143,5,1,0
BRDA:174,6,0,0
BRDA:174,6,1,0
BRDA:178,7,0,0
BRDA:190,8,0,2
BRDA:190,8,1,1
BRDA:201,9,0,1
BRDA:201,9,1,2
BRDA:208,10,0,0
BRDA:208,10,1,3
BRDA:247,11,0,3
BRDA:247,11,1,0
BRDA:265,12,0,0
BRDA:265,12,1,0
BRDA:301,13,0,0
BRDA:301,13,1,0
BRDA:324,14,0,9
BRDA:324,14,1,0
BRDA:346,15,0,5
BRDA:346,15,1,0
BRDA:365,16,0,8
BRDA:365,16,1,0
BRDA:369,17,0,8
BRDA:369,17,1,0
BRDA:387,18,0,5
BRDA:387,18,1,0
BRDA:391,19,0,5
BRDA:391,19,1,0
BRDA:415,20,0,4
BRDA:415,20,1,0
BRDA:440,21,0,1
BRDA:440,21,1,0
BRDA:456,22,0,0
BRDA:456,22,1,0
BRDA:473,23,0,0
BRDA:473,23,1,0
BRDA:490,24,0,1
BRDA:490,24,1,0
BRDA:507,25,0,1
BRDA:507,25,1,0
BRDA:537,26,0,0
BRDA:537,26,1,0
BRDA:567,27,0,1
BRDA:567,27,1,0
BRDA:585,28,0,1
BRDA:585,28,1,0
BRDA:603,29,0,1
BRDA:603,29,1,0
BRF:58
BRH:24
end_of_record
TN:
SF:src/repositories/facility.repository.js
FN:11,(anonymous_0)
FN:28,(anonymous_1)
FN:53,(anonymous_2)
FN:82,(anonymous_3)
FN:108,(anonymous_4)
FN:148,(anonymous_5)
FN:165,(anonymous_6)
FN:182,(anonymous_7)
FN:206,(anonymous_8)
FNF:9
FNH:8
FNDA:1,(anonymous_0)
FNDA:1,(anonymous_1)
FNDA:3,(anonymous_2)
FNDA:1,(anonymous_3)
FNDA:1,(anonymous_4)
FNDA:1,(anonymous_5)
FNDA:1,(anonymous_6)
FNDA:4,(anonymous_7)
FNDA:0,(anonymous_8)
DA:13,1
DA:14,1
DA:15,1
DA:19,1
DA:21,0
DA:22,0
DA:24,1
DA:30,1
DA:31,1
DA:32,1
DA:44,1
DA:46,0
DA:47,0
DA:49,1
DA:55,3
DA:56,3
DA:57,3
DA:73,3
DA:75,0
DA:76,0
DA:78,3
DA:84,1
DA:85,1
DA:86,1
DA:99,1
DA:101,0
DA:102,0
DA:104,1
DA:110,1
DA:111,1
DA:112,1
DA:114,1
DA:115,2
DA:129,1
DA:130,1
DA:138,0
DA:139,0
DA:141,0
DA:142,0
DA:144,1
DA:150,1
DA:151,1
DA:152,1
DA:156,1
DA:158,0
DA:159,0
DA:161,1
DA:167,1
DA:168,1
DA:169,1
DA:173,1
DA:175,0
DA:176,0
DA:178,1
DA:184,4
DA:185,4
DA:186,4
DA:197,4
DA:199,0
DA:200,0
DA:202,4
DA:209,0
DA:210,0
DA:211,0
DA:212,0
DA:213,0
DA:214,0
DA:215,0
DA:218,0
DA:219,0
DA:220,0
DA:222,0
DA:223,0
DA:224,0
DA:226,0
DA:227,0
DA:228,0
DA:230,0
DA:231,0
DA:232,0
DA:234,0
DA:235,0
DA:236,0
DA:239,0
DA:240,0
DA:243,0
DA:245,0
DA:250,0
DA:252,0
DA:253,0
DA:255,0
LF:91
LH:43
BRDA:24,0,0,1
BRDA:24,0,1,0
BRDA:49,1,0,1
BRDA:49,1,1,0
BRDA:78,2,0,3
BRDA:78,2,1,0
BRDA:104,3,0,1
BRDA:104,3,1,0
BRDA:108,4,0,1
BRDA:138,5,0,0
BRDA:138,5,1,0
BRDA:144,6,0,1
BRDA:144,6,1,0
BRDA:161,7,0,1
BRDA:161,7,1,0
BRDA:178,8,0,1
BRDA:178,8,1,0
BRDA:202,9,0,4
BRDA:202,9,1,0
BRDA:213,10,0,0
BRDA:213,10,1,0
BRDA:218,11,0,0
BRDA:218,11,1,0
BRDA:222,12,0,0
BRDA:222,12,1,0
BRDA:226,13,0,0
BRDA:226,13,1,0
BRDA:230,14,0,0
BRDA:230,14,1,0
BRDA:234,15,0,0
BRDA:234,15,1,0
BRDA:239,16,0,0
BRDA:239,16,1,0
BRDA:255,17,0,0
BRDA:255,17,1,0
BRF:35
BRH:9
end_of_record
TN:
SF:src/repositories/post.repository.js
FN:5,(anonymous_0)
FN:26,(anonymous_1)
FN:42,(anonymous_2)
FN:58,(anonymous_3)
FN:74,(anonymous_4)
FN:91,(anonymous_5)
FN:117,(anonymous_6)
FN:134,(anonymous_7)
FN:150,(anonymous_8)
FN:166,(anonymous_9)
FN:196,(anonymous_10)
FN:227,(anonymous_11)
FN:247,(anonymous_12)
FN:276,(anonymous_13)
FNF:14
FNH:5
FNDA:1,(anonymous_0)
FNDA:0,(anonymous_1)
FNDA:0,(anonymous_2)
FNDA:0,(anonymous_3)
FNDA:1,(anonymous_4)
FNDA:0,(anonymous_5)
FNDA:1,(anonymous_6)
FNDA:1,(anonymous_7)
FNDA:0,(anonymous_8)
FNDA:1,(anonymous_9)
FNDA:0,(anonymous_10)
FNDA:0,(anonymous_11)
FNDA:0,(anonymous_12)
FNDA:0,(anonymous_13)
DA:7,1
DA:8,1
DA:9,1
DA:18,1
DA:20,0
DA:22,1
DA:28,0
DA:29,0
DA:30,0
DA:34,0
DA:36,0
DA:38,0
DA:44,0
DA:45,0
DA:46,0
DA:50,0
DA:52,0
DA:54,0
DA:60,0
DA:61,0
DA:62,0
DA:66,0
DA:68,0
DA:70,0
DA:76,1
DA:77,1
DA:78,1
DA:83,1
DA:85,0
DA:87,1
DA:93,0
DA:94,0
DA:95,0
DA:109,0
DA:111,0
DA:113,0
DA:119,1
DA:120,1
DA:121,1
DA:126,1
DA:128,0
DA:130,1
DA:136,1
DA:137,1
DA:138,1
DA:142,1
DA:144,0
DA:146,1
DA:152,0
DA:153,0
DA:154,0
DA:158,0
DA:160,0
DA:162,0
DA:168,1
DA:169,1
DA:170,1
DA:188,1
DA:190,0
DA:192,1
DA:198,0
DA:199,0
DA:200,0
DA:219,0
DA:221,0
DA:223,0
DA:229,0
DA:230,0
DA:231,0
DA:235,0
DA:236,0
DA:238,0
DA:241,0
DA:243,0
DA:249,0
DA:250,0
DA:251,0
DA:268,0
DA:270,0
DA:272,0
DA:278,0
DA:279,0
DA:280,0
DA:284,0
DA:286,0
DA:288,0
LF:86
LH:25
BRDA:22,0,0,1
BRDA:22,0,1,0
BRDA:38,1,0,0
BRDA:38,1,1,0
BRDA:54,2,0,0
BRDA:54,2,1,0
BRDA:70,3,0,0
BRDA:70,3,1,0
BRDA:87,4,0,1
BRDA:87,4,1,0
BRDA:113,5,0,0
BRDA:113,5,1,0
BRDA:130,6,0,1
BRDA:130,6,1,0
BRDA:146,7,0,1
BRDA:146,7,1,0
BRDA:162,8,0,0
BRDA:162,8,1,0
BRDA:192,9,0,1
BRDA:192,9,1,0
BRDA:219,10,0,0
BRDA:219,10,1,0
BRDA:223,11,0,0
BRDA:223,11,1,0
BRDA:235,12,0,0
BRDA:235,12,1,0
BRDA:243,13,0,0
BRDA:243,13,1,0
BRDA:272,14,0,0
BRDA:272,14,1,0
BRDA:288,15,0,0
BRDA:288,15,1,0
BRF:32
BRH:5
end_of_record
TN:
SF:src/repositories/reservation.repository.js
FN:4,(anonymous_0)
FN:25,(anonymous_1)
FN:39,(anonymous_2)
FN:60,(anonymous_3)
FN:75,(anonymous_4)
FN:96,(anonymous_5)
FNF:6
FNH:3
FNDA:1,(anonymous_0)
FNDA:0,(anonymous_1)
FNDA:1,(anonymous_2)
FNDA:0,(anonymous_3)
FNDA:1,(anonymous_4)
FNDA:0,(anonymous_5)
DA:6,1
DA:7,1
DA:8,1
DA:25,1
DA:33,0
DA:35,1
DA:41,1
DA:42,1
DA:43,1
DA:60,1
DA:69,0
DA:71,1
DA:77,1
DA:78,1
DA:79,1
DA:96,1
DA:105,0
DA:107,1
LF:18
LH:15
BRDA:35,0,0,1
BRDA:35,0,1,0
BRDA:71,1,0,1
BRDA:71,1,1,0
BRDA:107,2,0,1
BRDA:107,2,1,0
BRF:6
BRH:3
end_of_record
TN:
SF:src/repositories/room.repository.js
FN:4,(anonymous_0)
FN:28,(anonymous_1)
FN:46,(anonymous_2)
FN:60,(anonymous_3)
FN:74,(anonymous_4)
FN:94,(anonymous_5)
FN:107,(anonymous_6)
FN:120,(anonymous_7)
FN:133,(anonymous_8)
FN:156,(anonymous_9)
FN:178,(anonymous_10)
FN:198,(anonymous_11)
FN:215,(anonymous_12)
FN:232,(anonymous_13)
FN:251,(anonymous_14)
FNF:15
FNH:10
FNDA:2,(anonymous_0)
FNDA:0,(anonymous_1)
FNDA:2,(anonymous_2)
FNDA:0,(anonymous_3)
FNDA:4,(anonymous_4)
FNDA:4,(anonymous_5)
FNDA:1,(anonymous_6)
FNDA:1,(anonymous_7)
FNDA:1,(anonymous_8)
FNDA:0,(anonymous_9)
FNDA:1,(anonymous_10)
FNDA:0,(anonymous_11)
FNDA:1,(anonymous_12)
FNDA:1,(anonymous_13)
FNDA:0,(anonymous_14)
DA:6,2
DA:7,2
DA:8,2
DA:20,2
DA:22,0
DA:24,2
DA:30,0
DA:31,0
DA:33,0
DA:38,0
DA:40,0
DA:42,0
DA:48,2
DA:49,2
DA:50,2
DA:53,2
DA:55,0
DA:57,2
DA:62,0
DA:63,0
DA:64,0
DA:67,0
DA:69,0
DA:71,0
DA:76,4
DA:77,4
DA:78,4
DA:85,4
DA:86,4
DA:88,0
DA:90,4
DA:96,4
DA:97,4
DA:98,4
DA:99,4
DA:101,0
DA:103,4
DA:109,1
DA:110,1
DA:111,1
DA:112,1
DA:114,0
DA:116,1
DA:122,1
DA:123,1
DA:124,1
DA:125,1
DA:127,0
DA:129,1
DA:135,1
DA:136,1
DA:137,1
DA:148,1
DA:150,0
DA:152,1
DA:158,0
DA:159,0
DA:160,0
DA:169,0
DA:171,0
DA:173,0
DA:180,1
DA:181,1
DA:182,1
DA:190,1
DA:192,0
DA:194,1
DA:200,0
DA:201,0
DA:202,0
DA:206,0
DA:208,0
DA:209,0
DA:211,0
DA:217,1
DA:218,1
DA:219,1
DA:223,1
DA:225,0
DA:226,0
DA:228,1
DA:234,1
DA:235,1
DA:236,1
DA:242,1
DA:244,0
DA:245,0
DA:247,1
DA:253,0
DA:254,0
DA:255,0
DA:256,0
DA:257,0
DA:258,0
DA:259,0
DA:261,0
DA:262,0
DA:263,0
DA:265,0
DA:266,0
DA:267,0
DA:269,0
DA:270,0
DA:271,0
DA:273,0
DA:274,0
DA:275,0
DA:277,0
DA:278,0
DA:279,0
DA:281,0
DA:282,0
DA:283,0
DA:285,0
DA:286,0
DA:287,0
DA:290,0
DA:291,0
DA:294,0
DA:295,0
DA:296,0
DA:299,0
DA:300,0
DA:302,0
LF:124
LH:51
BRDA:24,0,0,2
BRDA:24,0,1,0
BRDA:42,1,0,0
BRDA:42,1,1,0
BRDA:53,2,0,0
BRDA:53,2,1,2
BRDA:53,3,0,2
BRDA:53,3,1,0
BRDA:57,4,0,2
BRDA:57,4,1,0
BRDA:67,5,0,0
BRDA:67,5,1,0
BRDA:67,6,0,0
BRDA:67,6,1,0
BRDA:71,7,0,0
BRDA:71,7,1,0
BRDA:90,8,0,4
BRDA:90,8,1,0
BRDA:103,9,0,4
BRDA:103,9,1,0
BRDA:116,10,0,1
BRDA:116,10,1,0
BRDA:129,11,0,1
BRDA:129,11,1,0
BRDA:152,12,0,1
BRDA:152,12,1,0
BRDA:173,13,0,0
BRDA:173,13,1,0
BRDA:190,14,0,0
BRDA:190,14,1,1
BRDA:190,15,0,1
BRDA:190,15,1,0
BRDA:194,16,0,1
BRDA:194,16,1,0
BRDA:211,17,0,0
BRDA:211,17,1,0
BRDA:228,18,0,1
BRDA:228,18,1,0
BRDA:247,19,0,1
BRDA:247,19,1,0
BRDA:257,20,0,0
BRDA:257,20,1,0
BRDA:261,21,0,0
BRDA:261,21,1,0
BRDA:265,22,0,0
BRDA:265,22,1,0
BRDA:269,23,0,0
BRDA:269,23,1,0
BRDA:273,24,0,0
BRDA:273,24,1,0
BRDA:277,25,0,0
BRDA:277,25,1,0
BRDA:281,26,0,0
BRDA:281,26,1,0
BRDA:285,27,0,0
BRDA:285,27,1,0
BRDA:290,28,0,0
BRDA:290,28,1,0
BRDA:302,29,0,0
BRDA:302,29,1,0
BRF:60
BRH:14
end_of_record
TN:
SF:src/repositories/user.repository.js
FN:4,(anonymous_0)
FN:24,(anonymous_1)
FN:41,(anonymous_2)
FN:59,(anonymous_3)
FN:82,(anonymous_4)
FN:103,(anonymous_5)
FN:120,(anonymous_6)
FN:139,(anonymous_7)
FN:163,(anonymous_8)
FN:184,(anonymous_9)
FN:192,(anonymous_10)
FN:212,(anonymous_11)
FNF:12
FNH:9
FNDA:0,(anonymous_0)
FNDA:2,(anonymous_1)
FNDA:1,(anonymous_2)
FNDA:1,(anonymous_3)
FNDA:1,(anonymous_4)
FNDA:4,(anonymous_5)
FNDA:2,(anonymous_6)
FNDA:0,(anonymous_7)
FNDA:2,(anonymous_8)
FNDA:1,(anonymous_9)
FNDA:2,(anonymous_10)
FNDA:0,(anonymous_11)
DA:6,0
DA:7,0
DA:10,0
DA:15,0
DA:17,0
DA:19,0
DA:26,2
DA:27,2
DA:28,2
DA:33,2
DA:35,0
DA:37,2
DA:43,1
DA:44,1
DA:46,1
DA:51,0
DA:53,1
DA:55,1
DA:62,1
DA:63,1
DA:65,1
DA:73,1
DA:75,0
DA:77,1
DA:85,1
DA:86,1
DA:87,1
DA:95,1
DA:97,0
DA:99,1
DA:106,4
DA:107,4
DA:108,4
DA:112,4
DA:114,0
DA:116,4
DA:122,2
DA:123,2
DA:124,2
DA:133,0
DA:135,2
DA:141,0
DA:143,0
DA:144,0
DA:145,0
DA:155,0
DA:157,0
DA:159,0
DA:165,2
DA:166,2
DA:167,2
DA:176,2
DA:178,0
DA:180,2
DA:185,1
DA:186,0
DA:190,1
DA:191,1
DA:192,2
DA:193,1
DA:204,1
DA:206,0
DA:208,1
DA:214,0
DA:215,0
DA:216,0
DA:222,0
DA:224,0
LF:68
LH:41
BRDA:19,0,0,0
BRDA:19,0,1,0
BRDA:37,1,0,2
BRDA:37,1,1,0
BRDA:55,2,0,1
BRDA:55,2,1,0
BRDA:77,3,0,1
BRDA:77,3,1,0
BRDA:99,4,0,1
BRDA:99,4,1,0
BRDA:116,5,0,4
BRDA:116,5,1,0
BRDA:135,6,0,2
BRDA:135,6,1,0
BRDA:159,7,0,0
BRDA:159,7,1,0
BRDA:176,8,0,2
BRDA:176,8,1,0
BRDA:180,9,0,2
BRDA:180,9,1,0
BRDA:185,10,0,0
BRDA:185,10,1,1
BRDA:185,11,0,1
BRDA:185,11,1,1
BRDA:208,12,0,1
BRDA:208,12,1,0
BRDA:224,13,0,0
BRDA:224,13,1,0
BRF:28
BRH:12
end_of_record
TN:
SF:src/routes/admin.route.js
FNF:0
FNH:0
DA:16,10
DA:18,10
DA:20,10
DA:21,10
DA:22,10
DA:23,10
DA:24,10
DA:25,10
DA:26,10
DA:27,10
DA:28,10
DA:29,10
LF:12
LH:12
BRF:0
BRH:0
end_of_record
TN:
SF:src/routes/auth.route.js
FNF:0
FNH:0
DA:4,10
DA:6,10
LF:2
LH:2
BRF:0
BRH:0
end_of_record
TN:
SF:src/routes/club.route.js
FNF:0
FNH:0
DA:12,10
DA:15,10
DA:16,10
DA:17,10
DA:18,10
DA:19,10
DA:20,10
DA:21,10
LF:8
LH:8
BRF:0
BRH:0
end_of_record
TN:
SF:src/routes/event.route.js
FNF:0
FNH:0
DA:17,10
DA:19,10
DA:20,10
DA:25,10
DA:30,10
DA:35,10
DA:36,10
DA:37,10
DA:38,10
DA:39,10
DA:44,10
DA:49,10
DA:50,10
LF:13
LH:13
BRF:0
BRH:0
end_of_record
TN:
SF:src/routes/facility.route.js
FNF:0
FNH:0
DA:5,10
DA:8,10
DA:9,10
DA:11,10
DA:12,10
LF:5
LH:5
BRF:0
BRH:0
end_of_record
TN:
SF:src/routes/post.route.js
FNF:0
FNH:0
DA:15,10
DA:18,10
DA:19,10
DA:20,10
DA:21,10
DA:22,10
DA:23,10
DA:24,10
DA:25,10
DA:26,10
LF:10
LH:10
BRF:0
BRH:0
end_of_record
TN:
SF:src/routes/reservation.route.js
FNF:0
FNH:0
DA:5,10
DA:7,10
LF:2
LH:2
BRF:0
BRH:0
end_of_record
TN:
SF:src/routes/room.route.js
FNF:0
FNH:0
DA:5,10
DA:7,10
DA:8,10
DA:9,10
DA:10,10
DA:11,10
DA:12,10
DA:13,10
DA:14,10
LF:9
LH:9
BRF:0
BRH:0
end_of_record
TN:
SF:src/routes/user.route.js
FNF:0
FNH:0
DA:5,10
DA:7,10
DA:8,10
DA:9,10
DA:10,10
DA:11,10
LF:6
LH:6
BRF:0
BRH:0
end_of_record
TN:
SF:src/services/admin.service.js
FN:8,(anonymous_0)
FN:67,(anonymous_1)
FN:102,(anonymous_2)
FN:107,(anonymous_3)
FN:133,(anonymous_4)
FN:159,(anonymous_5)
FNF:6
FNH:5
FNDA:2,(anonymous_0)
FNDA:2,(anonymous_1)
FNDA:0,(anonymous_2)
FNDA:3,(anonymous_3)
FNDA:1,(anonymous_4)
FNDA:3,(anonymous_5)
DA:9,2
DA:10,2
DA:11,2
DA:12,2
DA:14,2
DA:16,2
DA:17,1
DA:28,2
DA:29,1
DA:40,2
DA:41,1
DA:52,2
DA:53,1
DA:64,2
DA:68,2
DA:69,2
DA:70,2
DA:71,2
DA:72,2
DA:73,2
DA:74,3
DA:76,2
DA:77,2
DA:78,2
DA:79,3
DA:80,3
DA:83,2
DA:84,2
DA:85,2
DA:86,3
DA:89,2
DA:98,0
DA:103,0
DA:104,0
DA:108,3
DA:109,3
DA:110,3
DA:112,3
DA:114,3
DA:115,2
DA:122,1
DA:123,1
DA:124,1
DA:126,1
DA:134,1
DA:136,1
DA:138,1
DA:140,1
DA:141,1
DA:154,1
DA:156,1
DA:160,3
DA:161,2
DA:162,2
DA:164,1
LF:55
LH:52
BRDA:114,0,0,2
BRDA:114,0,1,1
BRDA:160,1,0,2
BRDA:160,1,1,1
BRF:4
BRH:4
end_of_record
TN:
SF:src/services/auth.service.js
FN:7,(anonymous_0)
FNF:1
FNH:1
FNDA:10,(anonymous_0)
DA:8,10
DA:10,10
DA:11,2
DA:14,8
DA:15,6
DA:16,6
DA:17,2
DA:22,8
DA:23,8
DA:24,2
DA:27,6
DA:37,6
LF:12
LH:12
BRDA:10,0,0,2
BRDA:10,0,1,8
BRDA:14,1,0,6
BRDA:14,1,1,2
BRDA:16,2,0,2
BRDA:16,2,1,4
BRDA:23,3,0,2
BRDA:23,3,1,6
BRDA:33,4,0,6
BRDA:33,4,1,0
BRF:10
BRH:9
end_of_record
TN:
SF:src/services/club.service.js
FN:5,(anonymous_0)
FN:10,(anonymous_1)
FN:24,(anonymous_2)
FN:28,(anonymous_3)
FN:32,(anonymous_4)
FN:36,(anonymous_5)
FN:38,(anonymous_6)
FN:41,(anonymous_7)
FN:50,(anonymous_8)
FN:54,(anonymous_9)
FN:58,(anonymous_10)
FN:60,(anonymous_11)
FN:63,(anonymous_12)
FN:84,(anonymous_13)
FN:87,(anonymous_14)
FN:105,(anonymous_15)
FN:109,(anonymous_16)
FNF:17
FNH:16
FNDA:3,(anonymous_0)
FNDA:3,(anonymous_1)
FNDA:2,(anonymous_2)
FNDA:9,(anonymous_3)
FNDA:4,(anonymous_4)
FNDA:4,(anonymous_5)
FNDA:4,(anonymous_6)
FNDA:1,(anonymous_7)
FNDA:1,(anonymous_8)
FNDA:1,(anonymous_9)
FNDA:5,(anonymous_10)
FNDA:3,(anonymous_11)
FNDA:0,(anonymous_12)
FNDA:1,(anonymous_13)
FNDA:1,(anonymous_14)
FNDA:5,(anonymous_15)
FNDA:1,(anonymous_16)
DA:6,3
DA:7,3
DA:8,1
DA:10,2
DA:11,3
DA:12,3
DA:15,2
DA:17,2
DA:18,3
DA:21,1
DA:25,2
DA:29,9
DA:33,4
DA:37,4
DA:38,4
DA:42,1
DA:51,1
DA:55,1
DA:59,5
DA:60,5
DA:64,0
DA:65,0
DA:66,0
DA:67,0
DA:68,0
DA:70,0
DA:85,1
DA:87,1
DA:106,5
DA:110,1
DA:111,1
DA:112,1
DA:113,1
DA:115,0
LF:34
LH:27
BRDA:7,0,0,1
BRDA:7,0,1,2
BRDA:7,1,0,3
BRDA:7,1,1,3
BRDA:11,2,0,0
BRDA:11,2,1,3
BRDA:11,3,0,3
BRDA:11,3,1,0
BRDA:99,4,0,1
BRDA:99,4,1,1
BRF:10
BRH:8
end_of_record
TN:
SF:src/services/event.service.js
FN:4,(anonymous_0)
FN:21,(anonymous_1)
FN:29,(anonymous_2)
FN:37,(anonymous_3)
FN:42,(anonymous_4)
FN:49,(anonymous_5)
FN:61,(anonymous_6)
FN:71,(anonymous_7)
FN:90,(anonymous_8)
FN:138,(anonymous_9)
FN:156,(anonymous_10)
FN:175,(anonymous_11)
FN:187,(anonymous_12)
FN:197,(anonymous_13)
FNF:14
FNH:8
FNDA:3,(anonymous_0)
FNDA:0,(anonymous_1)
FNDA:0,(anonymous_2)
FNDA:0,(anonymous_3)
FNDA:2,(anonymous_4)
FNDA:3,(anonymous_5)
FNDA:2,(anonymous_6)
FNDA:0,(anonymous_7)
FNDA:16,(anonymous_8)
FNDA:5,(anonymous_9)
FNDA:4,(anonymous_10)
FNDA:0,(anonymous_11)
FNDA:1,(anonymous_12)
FNDA:0,(anonymous_13)
DA:5,3
DA:6,3
DA:7,1
DA:9,2
DA:22,0
DA:23,0
DA:25,0
DA:26,0
DA:30,0
DA:31,0
DA:33,0
DA:34,0
DA:38,0
DA:39,0
DA:43,2
DA:44,0
DA:47,2
DA:49,3
DA:62,2
DA:63,2
DA:64,1
DA:66,1
DA:67,1
DA:68,1
DA:72,0
DA:73,0
DA:75,0
DA:91,16
DA:92,2
DA:95,14
DA:96,14
DA:97,0
DA:100,14
DA:101,2
DA:104,12
DA:105,12
DA:106,12
DA:107,2
DA:110,10
DA:111,2
DA:114,8
DA:115,8
DA:117,7
DA:118,7
DA:119,2
DA:123,6
DA:127,6
DA:139,5
DA:140,1
DA:143,4
DA:146,2
DA:149,2
DA:153,2
DA:157,4
DA:158,0
DA:161,4
DA:164,2
DA:167,2
DA:168,1
DA:171,1
DA:172,1
DA:176,0
DA:177,0
DA:178,0
DA:181,0
DA:188,1
DA:189,1
DA:190,1
DA:191,0
DA:193,1
DA:198,0
LF:71
LH:49
BRDA:6,0,0,1
BRDA:6,0,1,2
BRDA:12,1,0,2
BRDA:12,1,1,0
BRDA:14,2,0,0
BRDA:14,2,1,2
BRDA:14,3,0,2
BRDA:14,3,1,2
BRDA:22,4,0,0
BRDA:22,4,1,0
BRDA:30,5,0,0
BRDA:30,5,1,0
BRDA:43,6,0,0
BRDA:43,6,1,2
BRDA:43,7,0,2
BRDA:43,7,1,0
BRDA:52,8,0,3
BRDA:52,8,1,0
BRDA:54,9,0,0
BRDA:54,9,1,3
BRDA:54,10,0,3
BRDA:54,10,1,3
BRDA:63,11,0,1
BRDA:63,11,1,1
BRDA:72,12,0,0
BRDA:72,12,1,0
BRDA:91,13,0,2
BRDA:91,13,1,14
BRDA:96,14,0,0
BRDA:96,14,1,14
BRDA:100,15,0,2
BRDA:100,15,1,12
BRDA:106,16,0,2
BRDA:106,16,1,10
BRDA:110,17,0,2
BRDA:110,17,1,8
BRDA:115,18,0,7
BRDA:115,18,1,1
BRDA:115,19,0,8
BRDA:115,19,1,8
BRDA:118,20,0,2
BRDA:118,20,1,5
BRDA:139,21,0,1
BRDA:139,21,1,4
BRDA:143,22,0,2
BRDA:143,22,1,2
BRDA:157,23,0,0
BRDA:157,23,1,4
BRDA:161,24,0,2
BRDA:161,24,1,2
BRDA:167,25,0,1
BRDA:167,25,1,1
BRDA:177,26,0,0
BRDA:177,26,1,0
BRF:54
BRH:38
end_of_record
TN:
SF:src/services/facility.service.js
FN:10,(anonymous_0)
FN:31,(anonymous_1)
FN:39,(anonymous_2)
FN:48,(anonymous_3)
FN:50,(anonymous_4)
FN:56,(anonymous_5)
FN:107,(anonymous_6)
FN:117,(anonymous_7)
FNF:8
FNH:7
FNDA:5,(anonymous_0)
FNDA:1,(anonymous_1)
FNDA:1,(anonymous_2)
FNDA:12,(anonymous_3)
FNDA:26,(anonymous_4)
FNDA:23,(anonymous_5)
FNDA:1,(anonymous_6)
FNDA:0,(anonymous_7)
DA:5,11
DA:11,5
DA:13,5
DA:14,1
DA:16,4
DA:17,1
DA:19,3
DA:20,1
DA:23,2
DA:24,2
DA:25,2
DA:27,3
DA:32,1
DA:33,1
DA:34,1
DA:36,0
DA:40,1
DA:41,1
DA:42,1
DA:44,0
DA:49,12
DA:50,26
DA:52,12
DA:53,1
DA:56,23
DA:57,0
DA:60,11
DA:61,2
DA:64,9
DA:65,9
DA:66,2
DA:69,7
DA:70,1
DA:73,6
DA:74,1
DA:77,5
DA:78,1
DA:81,4
DA:82,4
DA:83,1
DA:86,3
DA:92,3
DA:93,1
DA:96,2
DA:103,10
DA:108,1
DA:109,1
DA:110,1
DA:111,1
DA:113,0
DA:118,0
DA:119,0
DA:121,0
LF:53
LH:46
BRDA:13,0,0,1
BRDA:13,0,1,4
BRDA:16,1,0,1
BRDA:16,1,1,3
BRDA:16,2,0,4
BRDA:16,2,1,3
BRDA:19,3,0,1
BRDA:19,3,1,2
BRDA:52,4,0,1
BRDA:52,4,1,11
BRDA:56,5,0,0
BRDA:56,5,1,11
BRDA:56,6,0,23
BRDA:56,6,1,23
BRDA:60,7,0,2
BRDA:60,7,1,9
BRDA:65,8,0,2
BRDA:65,8,1,7
BRDA:69,9,0,1
BRDA:69,9,1,6
BRDA:73,10,0,1
BRDA:73,10,1,5
BRDA:77,11,0,1
BRDA:77,11,1,4
BRDA:82,12,0,1
BRDA:82,12,1,3
BRDA:92,13,0,1
BRDA:92,13,1,2
BRF:28
BRH:27
end_of_record
TN:
SF:src/services/post.service.js
FN:7,(anonymous_0)
FN:18,(anonymous_1)
FN:23,(anonymous_2)
FN:28,(anonymous_3)
FN:32,(anonymous_4)
FN:36,(anonymous_5)
FN:40,(anonymous_6)
FN:44,(anonymous_7)
FN:48,(anonymous_8)
FN:51,(anonymous_9)
FN:66,(anonymous_10)
FN:90,(anonymous_11)
FN:93,(anonymous_12)
FN:107,(anonymous_13)
FNF:14
FNH:9
FNDA:3,(anonymous_0)
FNDA:0,(anonymous_1)
FNDA:2,(anonymous_2)
FNDA:0,(anonymous_3)
FNDA:1,(anonymous_4)
FNDA:2,(anonymous_5)
FNDA:1,(anonymous_6)
FNDA:1,(anonymous_7)
FNDA:1,(anonymous_8)
FNDA:1,(anonymous_9)
FNDA:2,(anonymous_10)
FNDA:0,(anonymous_11)
FNDA:0,(anonymous_12)
FNDA:0,(anonymous_13)
DA:9,3
DA:11,3
DA:12,1
DA:15,3
DA:19,0
DA:20,0
DA:24,2
DA:25,2
DA:29,0
DA:33,1
DA:37,2
DA:41,1
DA:45,1
DA:49,1
DA:51,1
DA:63,1
DA:67,2
DA:72,2
DA:73,1
DA:76,1
DA:91,0
DA:93,0
DA:104,0
DA:108,0
LF:24
LH:17
BRDA:11,0,0,1
BRDA:11,0,1,2
BRDA:25,1,0,2
BRDA:25,1,1,1
BRDA:54,2,0,0
BRDA:54,2,1,1
BRDA:72,3,0,1
BRDA:72,3,1,1
BRDA:79,4,0,1
BRDA:79,4,1,0
BRF:10
BRH:8
end_of_record
TN:
SF:src/services/reservation.service.js
FN:4,(anonymous_0)
FN:45,(anonymous_1)
FNF:2
FNH:1
FNDA:1,(anonymous_0)
FNDA:0,(anonymous_1)
DA:5,1
DA:6,1
DA:7,1
DA:9,1
DA:12,1
DA:13,0
DA:23,1
DA:24,0
DA:34,1
DA:35,0
DA:45,1
DA:47,1
LF:12
LH:9
BRDA:15,0,0,0
BRDA:15,0,1,0
BRDA:26,1,0,0
BRDA:26,1,1,0
BRDA:29,2,0,0
BRDA:29,2,1,0
BRDA:40,3,0,0
BRDA:40,3,1,0
BRF:8
BRH:0
end_of_record
TN:
SF:src/services/room.service.js
FN:9,(anonymous_0)
FN:33,(anonymous_1)
FN:48,(anonymous_2)
FN:50,(anonymous_3)
FN:86,(anonymous_4)
FN:99,(anonymous_5)
FN:122,(anonymous_6)
FN:132,(anonymous_7)
FN:137,(anonymous_8)
FN:141,(anonymous_9)
FN:146,(anonymous_10)
FNF:11
FNH:8
FNDA:6,(anonymous_0)
FNDA:7,(anonymous_1)
FNDA:9,(anonymous_2)
FNDA:3,(anonymous_3)
FNDA:3,(anonymous_4)
FNDA:1,(anonymous_5)
FNDA:0,(anonymous_6)
FNDA:2,(anonymous_7)
FNDA:1,(anonymous_8)
FNDA:0,(anonymous_9)
FNDA:0,(anonymous_10)
DA:10,6
DA:12,6
DA:13,1
DA:15,5
DA:16,1
DA:18,4
DA:19,4
DA:20,1
DA:22,3
DA:24,3
DA:25,1
DA:26,2
DA:30,3
DA:45,7
DA:46,7
DA:47,7
DA:48,9
DA:50,7
DA:52,7
DA:53,6
DA:54,6
DA:56,6
DA:57,4
DA:60,3
DA:62,2
DA:63,2
DA:68,6
DA:70,4
DA:71,6
DA:73,4
DA:82,3
DA:87,3
DA:88,2
DA:94,1
DA:96,1
DA:100,1
DA:102,1
DA:104,1
DA:105,1
DA:119,1
DA:123,0
DA:124,0
DA:125,0
DA:126,0
DA:128,0
DA:133,2
DA:134,1
DA:138,1
DA:142,0
DA:143,0
DA:144,0
DA:147,0
DA:149,0
DA:151,0
LF:54
LH:43
BRDA:12,0,0,1
BRDA:12,0,1,5
BRDA:15,1,0,1
BRDA:15,1,1,4
BRDA:19,2,0,1
BRDA:19,2,1,3
BRDA:24,3,0,1
BRDA:24,3,1,2
BRDA:24,4,0,3
BRDA:24,4,1,1
BRDA:53,5,0,6
BRDA:53,5,1,0
BRDA:57,6,0,3
BRDA:57,6,1,1
BRDA:60,7,0,2
BRDA:60,7,1,1
BRDA:60,8,0,3
BRDA:60,8,1,3
BRDA:60,8,2,2
BRDA:60,9,0,3
BRDA:60,9,1,3
BRDA:68,10,0,4
BRDA:68,10,1,2
BRDA:87,11,0,2
BRDA:87,11,1,1
BRDA:112,12,0,1
BRDA:112,12,1,0
BRDA:115,13,0,0
BRDA:115,13,1,1
BRDA:133,14,0,1
BRDA:133,14,1,1
BRF:31
BRH:28
end_of_record
TN:
SF:src/services/user.service.js
FN:8,(anonymous_0)
FN:16,(anonymous_1)
FN:22,(anonymous_2)
FN:30,(anonymous_3)
FN:51,(anonymous_4)
FN:56,(anonymous_5)
FN:61,(anonymous_6)
FN:64,(anonymous_7)
FN:68,(anonymous_8)
FN:89,(anonymous_9)
FNF:10
FNH:8
FNDA:3,(anonymous_0)
FNDA:0,(anonymous_1)
FNDA:1,(anonymous_2)
FNDA:3,(anonymous_3)
FNDA:1,(anonymous_4)
FNDA:4,(anonymous_5)
FNDA:2,(anonymous_6)
FNDA:2,(anonymous_7)
FNDA:0,(anonymous_8)
FNDA:1,(anonymous_9)
DA:9,3
DA:10,3
DA:12,3
DA:13,3
DA:17,0
DA:18,0
DA:19,0
DA:23,1
DA:24,1
DA:25,0
DA:31,3
DA:33,3
DA:35,3
DA:52,1
DA:53,1
DA:57,4
DA:58,4
DA:62,2
DA:65,2
DA:69,0
DA:71,0
DA:73,0
DA:74,0
DA:86,0
DA:90,1
DA:91,1
DA:93,1
DA:94,2
DA:105,1
LF:29
LH:20
BRDA:47,0,0,1
BRDA:47,0,1,2
BRDA:80,1,0,0
BRDA:80,1,1,0
BRDA:100,2,0,0
BRDA:100,2,1,2
BRF:6
BRH:3
end_of_record
TN:
SF:src/utils/log.js
FNF:0
FNH:0
LF:0
LH:0
BRF:0
BRH:0
end_of_record
TN:
SF:src/utils/logs.js
FN:24,(anonymous_0)
FNF:1
FNH:1
FNDA:27,(anonymous_0)
DA:5,11
DA:6,11
DA:9,11
DA:24,11
DA:25,27
DA:35,27
DA:36,27
DA:39,27
DA:40,25
DA:41,25
DA:42,25
DA:43,24
DA:44,1
DA:47,1
DA:48,1
DA:52,27
DA:54,27
DA:55,27
DA:57,0
LF:19
LH:18
BRDA:32,0,0,27
BRDA:32,0,1,27
BRDA:39,1,0,25
BRDA:39,1,1,2
BRDA:43,2,0,1
BRDA:43,2,1,23
BRF:6
BRH:6
end_of_record
